TN:
SF:/Users/askmhs/Project/private/restify-simple-api-askmhs/src/Controllers/UserController.js
FN:6,(anonymous_0)
FN:7,(anonymous_1)
FN:9,(anonymous_2)
FN:14,(anonymous_3)
FN:15,(anonymous_4)
FN:21,(anonymous_5)
FN:26,(anonymous_6)
FN:27,(anonymous_7)
FN:29,(anonymous_8)
FN:34,(anonymous_9)
FN:41,(anonymous_10)
FN:47,(anonymous_11)
FN:52,(anonymous_12)
FN:53,(anonymous_13)
FN:59,(anonymous_14)
FNF:15
FNH:10
FNDA:1,(anonymous_0)
FNDA:1,(anonymous_1)
FNDA:0,(anonymous_2)
FNDA:1,(anonymous_3)
FNDA:1,(anonymous_4)
FNDA:0,(anonymous_5)
FNDA:1,(anonymous_6)
FNDA:1,(anonymous_7)
FNDA:0,(anonymous_8)
FNDA:1,(anonymous_9)
FNDA:1,(anonymous_10)
FNDA:0,(anonymous_11)
FNDA:1,(anonymous_12)
FNDA:1,(anonymous_13)
FNDA:0,(anonymous_14)
DA:7,1
DA:8,1
DA:10,0
DA:15,1
DA:16,1
DA:17,1
DA:20,0
DA:22,0
DA:27,1
DA:28,1
DA:30,0
DA:35,1
DA:42,1
DA:43,1
DA:46,0
DA:48,0
DA:53,1
DA:54,1
DA:55,1
DA:58,0
DA:60,0
LF:21
LH:13
BRDA:16,0,0,1
BRDA:16,0,1,0
BRDA:42,1,0,1
BRDA:42,1,1,0
BRDA:54,2,0,1
BRDA:54,2,1,0
BRF:6
BRH:3
end_of_record
TN:
SF:/Users/askmhs/Project/private/restify-simple-api-askmhs/src/Exceptions/NotFoundException.js
FN:5,(anonymous_0)
FNF:1
FNH:0
FNDA:0,(anonymous_0)
DA:6,0
LF:1
LH:0
BRF:0
BRH:0
end_of_record
TN:
SF:/Users/askmhs/Project/private/restify-simple-api-askmhs/src/Models/User.model.js
FNF:0
FNH:0
DA:7,1
DA:23,1
LF:2
LH:2
BRF:0
BRH:0
end_of_record
